<?xml version="1.0" encoding="UTF-8"?>
<testsuite xmlns:xsi="http://www.w3.org/2001/XMLSchema-instance" xsi:noNamespaceSchemaLocation="https://maven.apache.org/surefire/maven-surefire-plugin/xsd/surefire-test-report.xsd" name="com.xuanxuan.csu.service.impl.WeChatUserServiceImplTest" time="1.038" tests="4" errors="0" skipped="0" failures="0">
  <properties>
    <property name="sun.desktop" value="windows"/>
    <property name="awt.toolkit" value="sun.awt.windows.WToolkit"/>
    <property name="file.encoding.pkg" value="sun.io"/>
    <property name="java.specification.version" value="1.8"/>
    <property name="sun.cpu.isalist" value="amd64"/>
    <property name="sun.jnu.encoding" value="GBK"/>
    <property name="java.class.path" value="C:\Users\think\Desktop\云麓谷简评文档 (1)\云麓谷简评文档\csuylg-backend\csuylg-backend\znylg\target\test-classes;C:\Users\think\Desktop\云麓谷简评文档 (1)\云麓谷简评文档\csuylg-backend\csuylg-backend\znylg\target\classes;D:\Maven\org\springframework\boot\spring-boot-starter-web\2.0.2.RELEASE\spring-boot-starter-web-2.0.2.RELEASE.jar;D:\Maven\org\springframework\boot\spring-boot-starter\2.0.2.RELEASE\spring-boot-starter-2.0.2.RELEASE.jar;D:\Maven\org\springframework\boot\spring-boot-starter-logging\2.0.2.RELEASE\spring-boot-starter-logging-2.0.2.RELEASE.jar;D:\Maven\ch\qos\logback\logback-classic\1.2.3\logback-classic-1.2.3.jar;D:\Maven\ch\qos\logback\logback-core\1.2.3\logback-core-1.2.3.jar;D:\Maven\org\apache\logging\log4j\log4j-to-slf4j\2.10.0\log4j-to-slf4j-2.10.0.jar;D:\Maven\org\apache\logging\log4j\log4j-api\2.10.0\log4j-api-2.10.0.jar;D:\Maven\org\slf4j\jul-to-slf4j\1.7.25\jul-to-slf4j-1.7.25.jar;D:\Maven\javax\annotation\javax.annotation-api\1.3.2\javax.annotation-api-1.3.2.jar;D:\Maven\org\yaml\snakeyaml\1.19\snakeyaml-1.19.jar;D:\Maven\org\springframework\boot\spring-boot-starter-json\2.0.2.RELEASE\spring-boot-starter-json-2.0.2.RELEASE.jar;D:\Maven\com\fasterxml\jackson\core\jackson-databind\2.9.5\jackson-databind-2.9.5.jar;D:\Maven\com\fasterxml\jackson\core\jackson-core\2.9.5\jackson-core-2.9.5.jar;D:\Maven\com\fasterxml\jackson\datatype\jackson-datatype-jdk8\2.9.5\jackson-datatype-jdk8-2.9.5.jar;D:\Maven\com\fasterxml\jackson\datatype\jackson-datatype-jsr310\2.9.5\jackson-datatype-jsr310-2.9.5.jar;D:\Maven\com\fasterxml\jackson\module\jackson-module-parameter-names\2.9.5\jackson-module-parameter-names-2.9.5.jar;D:\Maven\org\hibernate\validator\hibernate-validator\6.0.9.Final\hibernate-validator-6.0.9.Final.jar;D:\Maven\javax\validation\validation-api\2.0.1.Final\validation-api-2.0.1.Final.jar;D:\Maven\org\jboss\logging\jboss-logging\3.3.2.Final\jboss-logging-3.3.2.Final.jar;D:\Maven\org\springframework\spring-web\5.0.6.RELEASE\spring-web-5.0.6.RELEASE.jar;D:\Maven\org\springframework\spring-beans\5.0.6.RELEASE\spring-beans-5.0.6.RELEASE.jar;D:\Maven\org\springframework\spring-webmvc\5.0.6.RELEASE\spring-webmvc-5.0.6.RELEASE.jar;D:\Maven\org\springframework\spring-aop\5.0.6.RELEASE\spring-aop-5.0.6.RELEASE.jar;D:\Maven\org\springframework\spring-context\5.0.6.RELEASE\spring-context-5.0.6.RELEASE.jar;D:\Maven\org\springframework\spring-expression\5.0.6.RELEASE\spring-expression-5.0.6.RELEASE.jar;D:\Maven\org\apache\tomcat\tomcat-servlet-api\8.0.36\tomcat-servlet-api-8.0.36.jar;D:\Maven\org\springframework\boot\spring-boot-starter-jdbc\2.0.2.RELEASE\spring-boot-starter-jdbc-2.0.2.RELEASE.jar;D:\Maven\com\zaxxer\HikariCP\2.7.9\HikariCP-2.7.9.jar;D:\Maven\org\springframework\spring-jdbc\5.0.6.RELEASE\spring-jdbc-5.0.6.RELEASE.jar;D:\Maven\org\springframework\spring-tx\5.0.6.RELEASE\spring-tx-5.0.6.RELEASE.jar;D:\Maven\org\springframework\boot\spring-boot-starter-test\2.0.2.RELEASE\spring-boot-starter-test-2.0.2.RELEASE.jar;D:\Maven\org\springframework\boot\spring-boot-test\2.0.2.RELEASE\spring-boot-test-2.0.2.RELEASE.jar;D:\Maven\org\springframework\boot\spring-boot-test-autoconfigure\2.0.2.RELEASE\spring-boot-test-autoconfigure-2.0.2.RELEASE.jar;D:\Maven\com\jayway\jsonpath\json-path\2.4.0\json-path-2.4.0.jar;D:\Maven\net\minidev\json-smart\2.3\json-smart-2.3.jar;D:\Maven\net\minidev\accessors-smart\1.2\accessors-smart-1.2.jar;D:\Maven\org\ow2\asm\asm\5.0.4\asm-5.0.4.jar;D:\Maven\junit\junit\4.12\junit-4.12.jar;D:\Maven\org\assertj\assertj-core\3.9.1\assertj-core-3.9.1.jar;D:\Maven\org\mockito\mockito-core\2.15.0\mockito-core-2.15.0.jar;D:\Maven\net\bytebuddy\byte-buddy\1.7.11\byte-buddy-1.7.11.jar;D:\Maven\net\bytebuddy\byte-buddy-agent\1.7.11\byte-buddy-agent-1.7.11.jar;D:\Maven\org\objenesis\objenesis\2.6\objenesis-2.6.jar;D:\Maven\org\hamcrest\hamcrest-core\1.3\hamcrest-core-1.3.jar;D:\Maven\org\hamcrest\hamcrest-library\1.3\hamcrest-library-1.3.jar;D:\Maven\org\skyscreamer\jsonassert\1.5.0\jsonassert-1.5.0.jar;D:\Maven\com\vaadin\external\google\android-json\0.0.20131108.vaadin1\android-json-0.0.20131108.vaadin1.jar;D:\Maven\org\springframework\spring-core\5.0.6.RELEASE\spring-core-5.0.6.RELEASE.jar;D:\Maven\org\springframework\spring-jcl\5.0.6.RELEASE\spring-jcl-5.0.6.RELEASE.jar;D:\Maven\org\springframework\spring-test\5.0.6.RELEASE\spring-test-5.0.6.RELEASE.jar;D:\Maven\org\xmlunit\xmlunit-core\2.5.1\xmlunit-core-2.5.1.jar;D:\Maven\commons-codec\commons-codec\1.11\commons-codec-1.11.jar;D:\Maven\org\apache\commons\commons-lang3\3.6\commons-lang3-3.6.jar;D:\Maven\com\google\guava\guava\23.0\guava-23.0.jar;D:\Maven\com\google\code\findbugs\jsr305\1.3.9\jsr305-1.3.9.jar;D:\Maven\com\google\errorprone\error_prone_annotations\2.0.18\error_prone_annotations-2.0.18.jar;D:\Maven\com\google\j2objc\j2objc-annotations\1.1\j2objc-annotations-1.1.jar;D:\Maven\org\codehaus\mojo\animal-sniffer-annotations\1.14\animal-sniffer-annotations-1.14.jar;D:\Maven\mysql\mysql-connector-java\5.1.46\mysql-connector-java-5.1.46.jar;D:\Maven\org\mybatis\mybatis-spring\1.3.1\mybatis-spring-1.3.1.jar;D:\Maven\org\mybatis\mybatis\3.4.5\mybatis-3.4.5.jar;D:\Maven\tk\mybatis\mapper\3.4.2\mapper-3.4.2.jar;D:\Maven\javax\persistence\persistence-api\1.0\persistence-api-1.0.jar;D:\Maven\com\github\pagehelper\pagehelper\4.2.1\pagehelper-4.2.1.jar;D:\Maven\com\github\jsqlparser\jsqlparser\0.9.5\jsqlparser-0.9.5.jar;D:\Maven\com\alibaba\fastjson\1.2.47\fastjson-1.2.47.jar;D:\Maven\com\alibaba\druid-spring-boot-starter\1.1.10\druid-spring-boot-starter-1.1.10.jar;D:\Maven\com\alibaba\druid\1.1.10\druid-1.1.10.jar;D:\Maven\org\slf4j\slf4j-api\1.7.25\slf4j-api-1.7.25.jar;D:\Maven\org\springframework\boot\spring-boot-autoconfigure\2.0.2.RELEASE\spring-boot-autoconfigure-2.0.2.RELEASE.jar;D:\Maven\org\freemarker\freemarker\2.3.23\freemarker-2.3.23.jar;D:\Maven\org\mybatis\generator\mybatis-generator-core\1.3.5\mybatis-generator-core-1.3.5.jar;D:\Maven\org\projectlombok\lombok\1.16.18\lombok-1.16.18.jar;D:\Maven\io\springfox\springfox-swagger2\2.8.0\springfox-swagger2-2.8.0.jar;D:\Maven\io\swagger\swagger-annotations\1.5.14\swagger-annotations-1.5.14.jar;D:\Maven\io\swagger\swagger-models\1.5.14\swagger-models-1.5.14.jar;D:\Maven\com\fasterxml\jackson\core\jackson-annotations\2.9.0\jackson-annotations-2.9.0.jar;D:\Maven\io\springfox\springfox-spi\2.8.0\springfox-spi-2.8.0.jar;D:\Maven\io\springfox\springfox-core\2.8.0\springfox-core-2.8.0.jar;D:\Maven\io\springfox\springfox-schema\2.8.0\springfox-schema-2.8.0.jar;D:\Maven\io\springfox\springfox-swagger-common\2.8.0\springfox-swagger-common-2.8.0.jar;D:\Maven\io\springfox\springfox-spring-web\2.8.0\springfox-spring-web-2.8.0.jar;D:\Maven\org\reflections\reflections\0.9.11\reflections-0.9.11.jar;D:\Maven\org\javassist\javassist\3.21.0-GA\javassist-3.21.0-GA.jar;D:\Maven\com\fasterxml\classmate\1.3.4\classmate-1.3.4.jar;D:\Maven\org\springframework\plugin\spring-plugin-core\1.2.0.RELEASE\spring-plugin-core-1.2.0.RELEASE.jar;D:\Maven\org\springframework\plugin\spring-plugin-metadata\1.2.0.RELEASE\spring-plugin-metadata-1.2.0.RELEASE.jar;D:\Maven\org\mapstruct\mapstruct\1.2.0.Final\mapstruct-1.2.0.Final.jar;D:\Maven\io\springfox\springfox-swagger-ui\2.8.0\springfox-swagger-ui-2.8.0.jar;D:\Maven\javax\xml\bind\jaxb-api\2.3.0\jaxb-api-2.3.0.jar;D:\Maven\org\springframework\boot\spring-boot-starter-data-redis\2.0.2.RELEASE\spring-boot-starter-data-redis-2.0.2.RELEASE.jar;D:\Maven\org\springframework\data\spring-data-redis\2.0.7.RELEASE\spring-data-redis-2.0.7.RELEASE.jar;D:\Maven\org\springframework\data\spring-data-keyvalue\2.0.7.RELEASE\spring-data-keyvalue-2.0.7.RELEASE.jar;D:\Maven\org\springframework\data\spring-data-commons\2.0.7.RELEASE\spring-data-commons-2.0.7.RELEASE.jar;D:\Maven\org\springframework\spring-oxm\5.0.6.RELEASE\spring-oxm-5.0.6.RELEASE.jar;D:\Maven\org\springframework\spring-context-support\5.0.6.RELEASE\spring-context-support-5.0.6.RELEASE.jar;D:\Maven\io\lettuce\lettuce-core\5.0.4.RELEASE\lettuce-core-5.0.4.RELEASE.jar;D:\Maven\io\projectreactor\reactor-core\3.1.7.RELEASE\reactor-core-3.1.7.RELEASE.jar;D:\Maven\org\reactivestreams\reactive-streams\1.0.2\reactive-streams-1.0.2.jar;D:\Maven\io\netty\netty-common\4.1.24.Final\netty-common-4.1.24.Final.jar;D:\Maven\io\netty\netty-transport\4.1.24.Final\netty-transport-4.1.24.Final.jar;D:\Maven\io\netty\netty-buffer\4.1.24.Final\netty-buffer-4.1.24.Final.jar;D:\Maven\io\netty\netty-resolver\4.1.24.Final\netty-resolver-4.1.24.Final.jar;D:\Maven\io\netty\netty-handler\4.1.24.Final\netty-handler-4.1.24.Final.jar;D:\Maven\io\netty\netty-codec\4.1.24.Final\netty-codec-4.1.24.Final.jar;D:\Maven\org\springframework\boot\spring-boot-devtools\2.0.2.RELEASE\spring-boot-devtools-2.0.2.RELEASE.jar;D:\Maven\org\springframework\boot\spring-boot\2.0.2.RELEASE\spring-boot-2.0.2.RELEASE.jar;"/>
    <property name="java.vm.vendor" value="Oracle Corporation"/>
    <property name="sun.arch.data.model" value="64"/>
    <property name="user.variant" value=""/>
    <property name="java.vendor.url" value="http://java.oracle.com/"/>
    <property name="user.timezone" value=""/>
    <property name="java.vm.specification.version" value="1.8"/>
    <property name="os.name" value="Windows 10"/>
    <property name="user.country" value="CN"/>
    <property name="sun.java.launcher" value="SUN_STANDARD"/>
    <property name="sun.boot.library.path" value="C:\Program Files\Java\jdk1.8.0_171\jre\bin"/>
    <property name="sun.java.command" value="C:\Users\think\AppData\Local\Temp\surefire6861069834373495149\surefirebooter1827007005043520393.jar C:\Users\think\AppData\Local\Temp\surefire6861069834373495149 2020-04-26T15-52-06_637-jvmRun1 surefire2534454073178402621tmp surefire_05771187366648653429tmp"/>
    <property name="surefire.test.class.path" value="C:\Users\think\Desktop\云麓谷简评文档 (1)\云麓谷简评文档\csuylg-backend\csuylg-backend\znylg\target\test-classes;C:\Users\think\Desktop\云麓谷简评文档 (1)\云麓谷简评文档\csuylg-backend\csuylg-backend\znylg\target\classes;D:\Maven\org\springframework\boot\spring-boot-starter-web\2.0.2.RELEASE\spring-boot-starter-web-2.0.2.RELEASE.jar;D:\Maven\org\springframework\boot\spring-boot-starter\2.0.2.RELEASE\spring-boot-starter-2.0.2.RELEASE.jar;D:\Maven\org\springframework\boot\spring-boot-starter-logging\2.0.2.RELEASE\spring-boot-starter-logging-2.0.2.RELEASE.jar;D:\Maven\ch\qos\logback\logback-classic\1.2.3\logback-classic-1.2.3.jar;D:\Maven\ch\qos\logback\logback-core\1.2.3\logback-core-1.2.3.jar;D:\Maven\org\apache\logging\log4j\log4j-to-slf4j\2.10.0\log4j-to-slf4j-2.10.0.jar;D:\Maven\org\apache\logging\log4j\log4j-api\2.10.0\log4j-api-2.10.0.jar;D:\Maven\org\slf4j\jul-to-slf4j\1.7.25\jul-to-slf4j-1.7.25.jar;D:\Maven\javax\annotation\javax.annotation-api\1.3.2\javax.annotation-api-1.3.2.jar;D:\Maven\org\yaml\snakeyaml\1.19\snakeyaml-1.19.jar;D:\Maven\org\springframework\boot\spring-boot-starter-json\2.0.2.RELEASE\spring-boot-starter-json-2.0.2.RELEASE.jar;D:\Maven\com\fasterxml\jackson\core\jackson-databind\2.9.5\jackson-databind-2.9.5.jar;D:\Maven\com\fasterxml\jackson\core\jackson-core\2.9.5\jackson-core-2.9.5.jar;D:\Maven\com\fasterxml\jackson\datatype\jackson-datatype-jdk8\2.9.5\jackson-datatype-jdk8-2.9.5.jar;D:\Maven\com\fasterxml\jackson\datatype\jackson-datatype-jsr310\2.9.5\jackson-datatype-jsr310-2.9.5.jar;D:\Maven\com\fasterxml\jackson\module\jackson-module-parameter-names\2.9.5\jackson-module-parameter-names-2.9.5.jar;D:\Maven\org\hibernate\validator\hibernate-validator\6.0.9.Final\hibernate-validator-6.0.9.Final.jar;D:\Maven\javax\validation\validation-api\2.0.1.Final\validation-api-2.0.1.Final.jar;D:\Maven\org\jboss\logging\jboss-logging\3.3.2.Final\jboss-logging-3.3.2.Final.jar;D:\Maven\org\springframework\spring-web\5.0.6.RELEASE\spring-web-5.0.6.RELEASE.jar;D:\Maven\org\springframework\spring-beans\5.0.6.RELEASE\spring-beans-5.0.6.RELEASE.jar;D:\Maven\org\springframework\spring-webmvc\5.0.6.RELEASE\spring-webmvc-5.0.6.RELEASE.jar;D:\Maven\org\springframework\spring-aop\5.0.6.RELEASE\spring-aop-5.0.6.RELEASE.jar;D:\Maven\org\springframework\spring-context\5.0.6.RELEASE\spring-context-5.0.6.RELEASE.jar;D:\Maven\org\springframework\spring-expression\5.0.6.RELEASE\spring-expression-5.0.6.RELEASE.jar;D:\Maven\org\apache\tomcat\tomcat-servlet-api\8.0.36\tomcat-servlet-api-8.0.36.jar;D:\Maven\org\springframework\boot\spring-boot-starter-jdbc\2.0.2.RELEASE\spring-boot-starter-jdbc-2.0.2.RELEASE.jar;D:\Maven\com\zaxxer\HikariCP\2.7.9\HikariCP-2.7.9.jar;D:\Maven\org\springframework\spring-jdbc\5.0.6.RELEASE\spring-jdbc-5.0.6.RELEASE.jar;D:\Maven\org\springframework\spring-tx\5.0.6.RELEASE\spring-tx-5.0.6.RELEASE.jar;D:\Maven\org\springframework\boot\spring-boot-starter-test\2.0.2.RELEASE\spring-boot-starter-test-2.0.2.RELEASE.jar;D:\Maven\org\springframework\boot\spring-boot-test\2.0.2.RELEASE\spring-boot-test-2.0.2.RELEASE.jar;D:\Maven\org\springframework\boot\spring-boot-test-autoconfigure\2.0.2.RELEASE\spring-boot-test-autoconfigure-2.0.2.RELEASE.jar;D:\Maven\com\jayway\jsonpath\json-path\2.4.0\json-path-2.4.0.jar;D:\Maven\net\minidev\json-smart\2.3\json-smart-2.3.jar;D:\Maven\net\minidev\accessors-smart\1.2\accessors-smart-1.2.jar;D:\Maven\org\ow2\asm\asm\5.0.4\asm-5.0.4.jar;D:\Maven\junit\junit\4.12\junit-4.12.jar;D:\Maven\org\assertj\assertj-core\3.9.1\assertj-core-3.9.1.jar;D:\Maven\org\mockito\mockito-core\2.15.0\mockito-core-2.15.0.jar;D:\Maven\net\bytebuddy\byte-buddy\1.7.11\byte-buddy-1.7.11.jar;D:\Maven\net\bytebuddy\byte-buddy-agent\1.7.11\byte-buddy-agent-1.7.11.jar;D:\Maven\org\objenesis\objenesis\2.6\objenesis-2.6.jar;D:\Maven\org\hamcrest\hamcrest-core\1.3\hamcrest-core-1.3.jar;D:\Maven\org\hamcrest\hamcrest-library\1.3\hamcrest-library-1.3.jar;D:\Maven\org\skyscreamer\jsonassert\1.5.0\jsonassert-1.5.0.jar;D:\Maven\com\vaadin\external\google\android-json\0.0.20131108.vaadin1\android-json-0.0.20131108.vaadin1.jar;D:\Maven\org\springframework\spring-core\5.0.6.RELEASE\spring-core-5.0.6.RELEASE.jar;D:\Maven\org\springframework\spring-jcl\5.0.6.RELEASE\spring-jcl-5.0.6.RELEASE.jar;D:\Maven\org\springframework\spring-test\5.0.6.RELEASE\spring-test-5.0.6.RELEASE.jar;D:\Maven\org\xmlunit\xmlunit-core\2.5.1\xmlunit-core-2.5.1.jar;D:\Maven\commons-codec\commons-codec\1.11\commons-codec-1.11.jar;D:\Maven\org\apache\commons\commons-lang3\3.6\commons-lang3-3.6.jar;D:\Maven\com\google\guava\guava\23.0\guava-23.0.jar;D:\Maven\com\google\code\findbugs\jsr305\1.3.9\jsr305-1.3.9.jar;D:\Maven\com\google\errorprone\error_prone_annotations\2.0.18\error_prone_annotations-2.0.18.jar;D:\Maven\com\google\j2objc\j2objc-annotations\1.1\j2objc-annotations-1.1.jar;D:\Maven\org\codehaus\mojo\animal-sniffer-annotations\1.14\animal-sniffer-annotations-1.14.jar;D:\Maven\mysql\mysql-connector-java\5.1.46\mysql-connector-java-5.1.46.jar;D:\Maven\org\mybatis\mybatis-spring\1.3.1\mybatis-spring-1.3.1.jar;D:\Maven\org\mybatis\mybatis\3.4.5\mybatis-3.4.5.jar;D:\Maven\tk\mybatis\mapper\3.4.2\mapper-3.4.2.jar;D:\Maven\javax\persistence\persistence-api\1.0\persistence-api-1.0.jar;D:\Maven\com\github\pagehelper\pagehelper\4.2.1\pagehelper-4.2.1.jar;D:\Maven\com\github\jsqlparser\jsqlparser\0.9.5\jsqlparser-0.9.5.jar;D:\Maven\com\alibaba\fastjson\1.2.47\fastjson-1.2.47.jar;D:\Maven\com\alibaba\druid-spring-boot-starter\1.1.10\druid-spring-boot-starter-1.1.10.jar;D:\Maven\com\alibaba\druid\1.1.10\druid-1.1.10.jar;D:\Maven\org\slf4j\slf4j-api\1.7.25\slf4j-api-1.7.25.jar;D:\Maven\org\springframework\boot\spring-boot-autoconfigure\2.0.2.RELEASE\spring-boot-autoconfigure-2.0.2.RELEASE.jar;D:\Maven\org\freemarker\freemarker\2.3.23\freemarker-2.3.23.jar;D:\Maven\org\mybatis\generator\mybatis-generator-core\1.3.5\mybatis-generator-core-1.3.5.jar;D:\Maven\org\projectlombok\lombok\1.16.18\lombok-1.16.18.jar;D:\Maven\io\springfox\springfox-swagger2\2.8.0\springfox-swagger2-2.8.0.jar;D:\Maven\io\swagger\swagger-annotations\1.5.14\swagger-annotations-1.5.14.jar;D:\Maven\io\swagger\swagger-models\1.5.14\swagger-models-1.5.14.jar;D:\Maven\com\fasterxml\jackson\core\jackson-annotations\2.9.0\jackson-annotations-2.9.0.jar;D:\Maven\io\springfox\springfox-spi\2.8.0\springfox-spi-2.8.0.jar;D:\Maven\io\springfox\springfox-core\2.8.0\springfox-core-2.8.0.jar;D:\Maven\io\springfox\springfox-schema\2.8.0\springfox-schema-2.8.0.jar;D:\Maven\io\springfox\springfox-swagger-common\2.8.0\springfox-swagger-common-2.8.0.jar;D:\Maven\io\springfox\springfox-spring-web\2.8.0\springfox-spring-web-2.8.0.jar;D:\Maven\org\reflections\reflections\0.9.11\reflections-0.9.11.jar;D:\Maven\org\javassist\javassist\3.21.0-GA\javassist-3.21.0-GA.jar;D:\Maven\com\fasterxml\classmate\1.3.4\classmate-1.3.4.jar;D:\Maven\org\springframework\plugin\spring-plugin-core\1.2.0.RELEASE\spring-plugin-core-1.2.0.RELEASE.jar;D:\Maven\org\springframework\plugin\spring-plugin-metadata\1.2.0.RELEASE\spring-plugin-metadata-1.2.0.RELEASE.jar;D:\Maven\org\mapstruct\mapstruct\1.2.0.Final\mapstruct-1.2.0.Final.jar;D:\Maven\io\springfox\springfox-swagger-ui\2.8.0\springfox-swagger-ui-2.8.0.jar;D:\Maven\javax\xml\bind\jaxb-api\2.3.0\jaxb-api-2.3.0.jar;D:\Maven\org\springframework\boot\spring-boot-starter-data-redis\2.0.2.RELEASE\spring-boot-starter-data-redis-2.0.2.RELEASE.jar;D:\Maven\org\springframework\data\spring-data-redis\2.0.7.RELEASE\spring-data-redis-2.0.7.RELEASE.jar;D:\Maven\org\springframework\data\spring-data-keyvalue\2.0.7.RELEASE\spring-data-keyvalue-2.0.7.RELEASE.jar;D:\Maven\org\springframework\data\spring-data-commons\2.0.7.RELEASE\spring-data-commons-2.0.7.RELEASE.jar;D:\Maven\org\springframework\spring-oxm\5.0.6.RELEASE\spring-oxm-5.0.6.RELEASE.jar;D:\Maven\org\springframework\spring-context-support\5.0.6.RELEASE\spring-context-support-5.0.6.RELEASE.jar;D:\Maven\io\lettuce\lettuce-core\5.0.4.RELEASE\lettuce-core-5.0.4.RELEASE.jar;D:\Maven\io\projectreactor\reactor-core\3.1.7.RELEASE\reactor-core-3.1.7.RELEASE.jar;D:\Maven\org\reactivestreams\reactive-streams\1.0.2\reactive-streams-1.0.2.jar;D:\Maven\io\netty\netty-common\4.1.24.Final\netty-common-4.1.24.Final.jar;D:\Maven\io\netty\netty-transport\4.1.24.Final\netty-transport-4.1.24.Final.jar;D:\Maven\io\netty\netty-buffer\4.1.24.Final\netty-buffer-4.1.24.Final.jar;D:\Maven\io\netty\netty-resolver\4.1.24.Final\netty-resolver-4.1.24.Final.jar;D:\Maven\io\netty\netty-handler\4.1.24.Final\netty-handler-4.1.24.Final.jar;D:\Maven\io\netty\netty-codec\4.1.24.Final\netty-codec-4.1.24.Final.jar;D:\Maven\org\springframework\boot\spring-boot-devtools\2.0.2.RELEASE\spring-boot-devtools-2.0.2.RELEASE.jar;D:\Maven\org\springframework\boot\spring-boot\2.0.2.RELEASE\spring-boot-2.0.2.RELEASE.jar;"/>
    <property name="sun.cpu.endian" value="little"/>
    <property name="user.home" value="C:\Users\think"/>
    <property name="user.language" value="zh"/>
    <property name="java.specification.vendor" value="Oracle Corporation"/>
    <property name="java.home" value="C:\Program Files\Java\jdk1.8.0_171\jre"/>
    <property name="basedir" value="C:\Users\think\Desktop\云麓谷简评文档 (1)\云麓谷简评文档\csuylg-backend\csuylg-backend\znylg"/>
    <property name="file.separator" value="\"/>
    <property name="line.separator" value="&#10;"/>
    <property name="java.vm.specification.vendor" value="Oracle Corporation"/>
    <property name="java.specification.name" value="Java Platform API Specification"/>
    <property name="java.awt.graphicsenv" value="sun.awt.Win32GraphicsEnvironment"/>
    <property name="surefire.real.class.path" value="C:\Users\think\AppData\Local\Temp\surefire6861069834373495149\surefirebooter1827007005043520393.jar"/>
    <property name="sun.boot.class.path" value="C:\Program Files\Java\jdk1.8.0_171\jre\lib\resources.jar;C:\Program Files\Java\jdk1.8.0_171\jre\lib\rt.jar;C:\Program Files\Java\jdk1.8.0_171\jre\lib\sunrsasign.jar;C:\Program Files\Java\jdk1.8.0_171\jre\lib\jsse.jar;C:\Program Files\Java\jdk1.8.0_171\jre\lib\jce.jar;C:\Program Files\Java\jdk1.8.0_171\jre\lib\charsets.jar;C:\Program Files\Java\jdk1.8.0_171\jre\lib\jfr.jar;C:\Program Files\Java\jdk1.8.0_171\jre\classes"/>
    <property name="user.script" value=""/>
    <property name="sun.management.compiler" value="HotSpot 64-Bit Tiered Compilers"/>
    <property name="java.runtime.version" value="1.8.0_171-b11"/>
    <property name="user.name" value="think"/>
    <property name="path.separator" value=";"/>
    <property name="os.version" value="10.0"/>
    <property name="java.endorsed.dirs" value="C:\Program Files\Java\jdk1.8.0_171\jre\lib\endorsed"/>
    <property name="java.runtime.name" value="Java(TM) SE Runtime Environment"/>
    <property name="file.encoding" value="GBK"/>
    <property name="java.vm.name" value="Java HotSpot(TM) 64-Bit Server VM"/>
    <property name="localRepository" value="D:\Maven"/>
    <property name="java.vendor.url.bug" value="http://bugreport.sun.com/bugreport/"/>
    <property name="java.io.tmpdir" value="C:\Users\think\AppData\Local\Temp\"/>
    <property name="java.version" value="1.8.0_171"/>
    <property name="user.dir" value="C:\Users\think\Desktop\云麓谷简评文档 (1)\云麓谷简评文档\csuylg-backend\csuylg-backend\znylg"/>
    <property name="os.arch" value="amd64"/>
    <property name="java.vm.specification.name" value="Java Virtual Machine Specification"/>
    <property name="java.awt.printerjob" value="sun.awt.windows.WPrinterJob"/>
    <property name="sun.os.patch.level" value=""/>
    <property name="java.library.path" value="C:\Program Files\Java\jdk1.8.0_171\jre\bin;C:\WINDOWS\Sun\Java\bin;C:\WINDOWS\system32;C:\WINDOWS;F:\Program Files (x86)\IntelliJ IDEA 2019.1.4\jre64\\bin;F:\Program Files (x86)\IntelliJ IDEA 2019.1.4\jre64\\bin\server;D:\app\myOracle\product\12.1.0\dbhome_1\bin;F:\Program Files (x86)\xshell\;C:\Program Files\NVIDIA GPU Computing Toolkit\CUDA\v10.0\bin;C:\Program Files\NVIDIA GPU Computing Toolkit\CUDA\v10.0\libnvvp;F:\Anaconda;F:\Anaconda\Library\mingw-w64\bin;F:\Anaconda\Library\usr\bin;F:\Anaconda\Library\bin;F:\Anaconda\Scripts;C:\Program Files (x86)\Common Files\Oracle\Java\javapath;C:\Program Files\Java\jdk1.8.0_171\bin;C:\Program Files\Java\jdk1.8.0_171\jre\bin;C:\ProgramData\Oracle\Java\javapath;C:\WINDOWS\system32;C:\WINDOWS;C:\WINDOWS\System32\Wbem;C:\WINDOWS\System32\WindowsPowerShell\v1.0\;C:\Program Files\dotnet\;F:\快捷方式\;C:\;rogram Files (x86)\Java\jdk1.6.0_03\jre\bin;C:\WINDOWS\System32\OpenSSH\;F:\Program Files\Git\cmd;F:\Program Files\Git;C:\Program Files\Java\apache-maven-3.6.1\bin;C:\Program Files (x86)\NVIDIA Corporation\PhysX\Common;C:\Program Files (x86)\Microsoft Visual Studio\vs19\VC\Tools\MSVC\14.21.27702\bin\Hostx64\x64;F:\Program Files\Vim\Neovim\bin;F:\Program Files (x86)\texlive\2019\bin\win32;F:\Andorid\apache-ant-1.10.6\bin;F:\Andorid\nodejs\;F:\tool\gradle-5.5.1\bin;F:\Andorid\AndoridSDK\platform-tools;F:\Andorid\AndoridSDK\tools;C:\WINDOWS\system32;C:\WINDOWS;C:\WINDOWS\System32\Wbem;C:\WINDOWS\System32\WindowsPowerShell\v1.0\;C:\WINDOWS\System32\OpenSSH\;F:\tool\texlive\2019\bin\win32;C:\Program Files\Oracle\VirtualBox;F:\Andorid\AndoridSDK\ndk\21.0.5935234\build;C:\MinGW\bin;F:\program\mysql-5.7.28-winx64\bin;C:\Users\think\AppData\Local\Microsoft\WindowsApps;F:\program\Microsoft VS Code\bin;F:\Program Files (x86)\PyCharm Community Edition 2019.1.2\bin;;C:\Users\think\AppData\Roaming\npm;F:\tool\texlive\2019\bin\win32;F:\Program Files (x86)\IntelliJ IDEA 2019.1.4\bin;;."/>
    <property name="idea.version2019.1.4" value="true"/>
    <property name="java.vm.info" value="mixed mode"/>
    <property name="java.vendor" value="Oracle Corporation"/>
    <property name="java.vm.version" value="25.171-b11"/>
    <property name="java.ext.dirs" value="C:\Program Files\Java\jdk1.8.0_171\jre\lib\ext;C:\WINDOWS\Sun\Java\lib\ext"/>
    <property name="sun.io.unicode.encoding" value="UnicodeLittle"/>
    <property name="java.class.version" value="52.0"/>
  </properties>
  <testcase name="testLogin" classname="com.xuanxuan.csu.service.impl.WeChatUserServiceImplTest" time="0.056"/>
  <testcase name="testRedis" classname="com.xuanxuan.csu.service.impl.WeChatUserServiceImplTest" time="0.951"/>
  <testcase name="testAuth" classname="com.xuanxuan.csu.service.impl.WeChatUserServiceImplTest" time="0.014"/>
  <testcase name="getUserState" classname="com.xuanxuan.csu.service.impl.WeChatUserServiceImplTest" time="0.008"/>
</testsuite>